M	generate_worksheets_and_commit.sh
Your branch is up to date with 'origin/gh-pages'.
This is pdfTeX, Version 3.141592653-2.6-1.40.24 (TeX Live 2022/Debian) (preloaded format=pdflatex)
 restricted \write18 enabled.
entering extended mode
This is pdfTeX, Version 3.141592653-2.6-1.40.24 (TeX Live 2022/Debian) (preloaded format=pdflatex)
 restricted \write18 enabled.
entering extended mode
This is pdfTeX, Version 3.141592653-2.6-1.40.24 (TeX Live 2022/Debian) (preloaded format=pdflatex)
 restricted \write18 enabled.
entering extended mode
This is pdfTeX, Version 3.141592653-2.6-1.40.24 (TeX Live 2022/Debian) (preloaded format=pdflatex)
 restricted \write18 enabled.
entering extended mode
This is pdfTeX, Version 3.141592653-2.6-1.40.24 (TeX Live 2022/Debian) (preloaded format=pdflatex)
 restricted \write18 enabled.
entering extended mode
This is pdfTeX, Version 3.141592653-2.6-1.40.24 (TeX Live 2022/Debian) (preloaded format=pdflatex)
 restricted \write18 enabled.
entering extended mode
This is pdfTeX, Version 3.141592653-2.6-1.40.24 (TeX Live 2022/Debian) (preloaded format=pdflatex)
 restricted \write18 enabled.
entering extended mode
============================================================
Generating PDF from sda1.tex
============================================================
Generating PDF from sda2.tex
============================================================
Generating PDF from sda3.tex
============================================================
Generating PDF from sda4.tex
============================================================
Generating PDF from sds1.tex
============================================================
Generating PDF from sds2.tex
============================================================
Generating PDF from sds3.tex
============================================================
Auxiliary files deleted successfully.
[gh-pages fae846d] Automated commit: Re-generate worksheets
 7 files changed, 0 insertions(+), 0 deletions(-)
